SF:lib/features/home/domain/entities/product.dart
DA:59,8
DA:85,2
DA:86,2
DA:87,2
DA:88,2
DA:89,2
DA:90,2
DA:91,2
DA:92,2
DA:93,2
DA:94,2
DA:95,2
DA:96,4
DA:97,2
DA:98,2
DA:99,3
DA:100,2
DA:101,2
DA:102,2
DA:103,2
DA:104,6
DA:105,2
DA:106,2
DA:107,2
DA:108,4
DA:109,2
DA:110,4
DA:115,2
DA:116,2
DA:118,8
DA:136,2
DA:138,2
DA:139,2
DA:141,2
DA:142,4
DA:143,4
DA:144,6
DA:145,4
DA:146,4
DA:162,2
DA:164,2
DA:165,2
DA:167,2
DA:168,6
DA:169,6
DA:170,4
DA:171,4
LF:47
LH:47
end_of_record
SF:lib/core/error/failures.dart
DA:3,9
DA:7,2
DA:11,0
DA:15,8
DA:19,0
DA:23,0
DA:27,0
DA:31,0
DA:35,0
DA:39,0
DA:43,0
LF:11
LH:3
end_of_record
SF:lib/features/home/domain/entities/author.dart
DA:23,1
DA:26,1
DA:27,1
DA:28,1
DA:29,1
DA:30,1
DA:31,1
DA:36,1
DA:38,1
DA:42,3
DA:43,1
LF:11
LH:11
end_of_record
SF:lib/features/home/domain/entities/vendor.dart
DA:47,5
DA:68,2
DA:69,2
DA:70,2
DA:71,2
DA:72,5
DA:74,5
DA:75,2
DA:76,2
DA:77,2
DA:78,2
DA:79,2
DA:80,2
DA:81,5
DA:82,2
DA:83,2
DA:84,6
DA:85,2
DA:86,5
DA:92,2
DA:94,2
DA:97,8
DA:101,4
DA:103,0
DA:107,0
LF:25
LH:23
end_of_record
SF:lib/features/home/domain/usecases/home_usecase.dart
DA:15,1
DA:23,1
DA:27,2
DA:36,1
DA:40,2
DA:50,1
DA:55,2
DA:68,1
DA:72,2
LF:9
LH:9
end_of_record
SF:lib/features/home/presentation/bloc/vendor_state.dart
DA:5,2
DA:6,2
DA:26,2
DA:28,1
DA:29,4
DA:39,2
DA:41,2
DA:42,4
LF:8
LH:8
end_of_record
SF:lib/features/home/presentation/bloc/vendor_bloc.dart
DA:13,3
DA:15,2
DA:18,2
DA:25,1
DA:29,3
DA:31,1
DA:33,4
DA:35,3
DA:44,1
DA:48,2
DA:51,4
DA:53,1
DA:55,4
DA:57,4
LF:14
LH:14
end_of_record
SF:lib/features/home/presentation/bloc/vendor_event.dart
DA:13,2
DA:23,2
DA:29,1
LF:3
LH:3
end_of_record
SF:lib/core/api_client/api_client.dart
DA:17,0
DA:23,0
DA:24,0
DA:27,0
DA:32,0
DA:42,0
DA:44,0
DA:45,0
DA:47,0
DA:49,0
DA:51,0
DA:53,0
DA:55,0
DA:57,0
DA:58,0
DA:60,0
DA:63,0
DA:65,0
DA:67,0
DA:68,0
DA:69,0
DA:70,0
DA:71,0
DA:72,0
DA:74,0
DA:75,0
DA:77,0
DA:80,0
DA:84,0
DA:90,0
DA:91,0
DA:94,0
DA:102,0
DA:104,0
DA:107,0
DA:118,0
DA:125,0
DA:127,0
DA:130,0
DA:137,0
DA:140,0
DA:142,0
DA:145,0
DA:152,0
DA:155,0
DA:157,0
DA:160,0
DA:168,0
DA:169,0
DA:170,0
DA:171,0
DA:174,0
DA:176,0
DA:178,0
DA:179,0
DA:186,0
DA:189,0
DA:190,0
DA:191,0
DA:195,2
DA:198,2
DA:199,4
DA:200,0
LF:63
LH:3
end_of_record
SF:lib/features/home/data/home_repository_impl.dart
DA:29,1
DA:31,1
DA:37,1
DA:38,1
DA:39,1
DA:41,2
DA:43,1
DA:44,1
DA:45,1
DA:49,3
DA:53,1
DA:54,1
DA:55,1
DA:56,1
DA:58,1
DA:62,1
DA:63,0
DA:67,1
DA:72,1
DA:73,1
DA:74,1
DA:76,2
DA:78,1
DA:79,1
DA:80,1
DA:84,3
DA:88,1
DA:89,1
DA:90,1
DA:91,1
DA:93,1
DA:97,1
DA:98,0
DA:102,0
DA:107,0
DA:109,0
DA:110,0
DA:111,0
DA:113,0
DA:118,0
DA:124,0
DA:127,0
DA:132,0
DA:140,1
DA:147,1
DA:148,1
DA:149,1
DA:150,1
DA:151,2
DA:152,1
DA:153,1
DA:154,1
DA:155,1
DA:159,2
DA:163,1
DA:164,1
DA:165,1
DA:166,1
DA:168,1
DA:172,1
DA:173,0
LF:61
LH:48
end_of_record
SF:lib/core/api_client/dio_interceptor.dart
DA:12,0
DA:14,0
DA:20,0
DA:24,0
DA:26,0
DA:29,0
DA:34,0
DA:37,0
DA:40,0
DA:42,0
DA:47,0
DA:50,0
DA:54,0
DA:61,0
DA:64,0
DA:67,0
DA:72,0
DA:74,0
DA:80,0
DA:82,0
DA:83,0
DA:86,0
DA:87,0
DA:93,0
DA:99,0
DA:101,0
DA:104,0
DA:105,0
DA:106,0
DA:107,0
DA:112,0
DA:113,0
DA:114,0
DA:115,0
LF:34
LH:0
end_of_record
SF:lib/core/error/error_mapper.dart
DA:11,0
DA:12,0
DA:13,0
DA:14,0
DA:16,0
DA:17,0
DA:18,0
DA:20,0
DA:21,0
DA:22,0
DA:24,0
DA:25,0
DA:26,0
DA:27,0
DA:28,0
DA:29,0
DA:31,0
DA:32,0
DA:33,0
DA:34,0
DA:36,0
DA:37,0
DA:38,0
DA:39,0
DA:41,0
DA:43,0
DA:44,0
DA:47,0
DA:52,0
DA:53,0
DA:54,0
DA:55,0
DA:57,0
DA:58,0
DA:59,0
DA:60,0
DA:62,0
DA:63,0
DA:64,0
DA:65,0
DA:67,0
DA:68,0
DA:69,0
DA:70,0
DA:72,0
DA:73,0
DA:74,0
DA:75,0
DA:78,0
DA:80,0
DA:81,0
DA:82,0
DA:83,0
DA:85,0
DA:86,0
DA:87,0
DA:88,0
DA:90,0
DA:91,0
DA:92,0
DA:94,0
DA:95,0
DA:96,0
DA:97,0
DA:98,0
DA:101,0
DA:102,0
DA:103,0
DA:104,0
DA:108,0
DA:109,0
DA:112,0
DA:113,0
DA:114,0
DA:115,0
DA:117,0
DA:118,0
DA:119,0
DA:121,0
DA:122,0
DA:123,0
DA:124,0
DA:126,0
DA:127,0
DA:128,0
DA:131,0
DA:132,0
DA:133,0
DA:140,0
DA:145,0
DA:147,0
DA:149,0
LF:92
LH:0
end_of_record
SF:lib/features/cart/data/cart_repository_impl.dart
DA:21,1
DA:23,1
DA:26,1
DA:28,0
DA:30,0
DA:36,1
DA:37,1
DA:40,1
DA:41,0
LF:9
LH:6
end_of_record
SF:lib/features/cart/presentation/bloc/cart_state.dart
DA:5,1
DA:6,1
DA:22,2
DA:35,1
LF:4
LH:4
end_of_record
SF:lib/features/cart/presentation/bloc/cart_event.dart
DA:13,2
DA:20,2
LF:2
LH:2
end_of_record
SF:lib/features/cart/presentation/bloc/cart_bloc.dart
DA:15,3
DA:17,2
DA:18,2
DA:19,2
DA:23,1
DA:28,2
DA:31,3
DA:34,1
DA:36,0
DA:37,2
DA:39,2
DA:41,2
DA:46,1
DA:51,2
DA:54,3
DA:57,2
DA:61,1
DA:66,2
DA:69,2
DA:72,1
DA:73,1
DA:74,1
DA:76,1
DA:79,1
DA:80,0
DA:81,3
LF:26
LH:24
end_of_record
SF:lib/features/cart/data/cart_box_impl.dart
DA:24,0
DA:26,0
DA:28,0
DA:29,0
DA:31,0
DA:35,0
DA:37,0
DA:41,0
DA:44,0
DA:45,0
DA:49,0
DA:52,0
DA:53,0
LF:13
LH:0
end_of_record
SF:lib/features/cart/domain/usecases/cart_usecase.dart
DA:11,0
DA:16,0
DA:19,0
LF:3
LH:0
end_of_record
