SF:lib/features/home/domain/usecases/home_usecase.dart
DA:12,0
DA:14,0
DA:18,0
DA:21,0
DA:25,0
DA:28,0
DA:33,0
DA:40,0
DA:44,0
DA:47,0
DA:51,0
LF:11
LH:0
end_of_record
SF:lib/core/error/failures.dart
DA:3,0
DA:7,0
DA:11,0
DA:15,0
DA:19,0
DA:23,0
DA:27,0
DA:31,0
DA:35,0
DA:39,0
DA:43,0
LF:11
LH:0
end_of_record
SF:lib/features/home/domain/entities/author.dart
DA:13,0
DA:16,0
DA:17,0
DA:18,0
DA:19,0
DA:20,0
DA:21,0
DA:26,0
DA:27,0
DA:30,0
DA:31,0
LF:11
LH:0
end_of_record
SF:lib/features/home/domain/entities/product.dart
DA:57,0
DA:83,0
DA:84,0
DA:85,0
DA:86,0
DA:87,0
DA:90,0
DA:92,0
DA:95,0
DA:107,0
DA:108,0
DA:113,0
DA:114,0
DA:116,0
DA:119,0
DA:120,0
DA:138,0
DA:140,0
DA:141,0
DA:142,0
DA:143,0
DA:144,0
DA:145,0
DA:146,0
DA:162,0
DA:164,0
DA:165,0
DA:166,0
DA:167,0
DA:168,0
DA:169,0
LF:31
LH:0
end_of_record
SF:lib/features/home/domain/entities/vendor.dart
DA:27,0
DA:48,0
DA:49,0
DA:50,0
DA:51,0
DA:52,0
DA:53,0
DA:54,0
DA:55,0
DA:56,0
DA:57,0
DA:58,0
DA:59,0
DA:60,0
DA:61,0
DA:62,0
DA:63,0
DA:64,0
DA:65,0
DA:71,0
DA:72,0
DA:74,0
DA:77,0
DA:78,0
DA:81,0
DA:84,0
LF:26
LH:0
end_of_record
